2026-04-18 12:41:40 0 [Note] Starting MariaDB 10.4.32-MariaDB source revision c4143f909528e3fab0677a28631d10389354c491 as process 14160
2026-04-18 12:41:40 0 [Note] InnoDB: Mutexes and rw_locks use Windows interlocked functions
2026-04-18 12:41:40 0 [Note] InnoDB: Uses event mutexes
2026-04-18 12:41:40 0 [Note] InnoDB: Compressed tables use zlib 1.3
2026-04-18 12:41:40 0 [Note] InnoDB: Number of pools: 1
2026-04-18 12:41:40 0 [Note] InnoDB: Using SSE2 crc32 instructions
2026-04-18 12:41:40 0 [Note] InnoDB: Initializing buffer pool, total size = 16M, instances = 1, chunk size = 16M
2026-04-18 12:41:40 0 [Note] InnoDB: Completed initialization of buffer pool
2026-04-18 12:41:40 0 [Note] InnoDB: Starting crash recovery from checkpoint LSN=300288
2026-04-18 12:41:40 0 [Note] InnoDB: 128 out of 128 rollback segments are active.
2026-04-18 12:41:40 0 [Note] InnoDB: Removed temporary tablespace data file: "ibtmp1"
2026-04-18 12:41:40 0 [Note] InnoDB: Creating shared tablespace for temporary tables
2026-04-18 12:41:40 0 [Note] InnoDB: Setting file 'C:\1295473_moin\xampp\mysql\data\ibtmp1' size to 12 MB. Physically writing the file full; Please wait ...
2026-04-18 12:41:40 0 [Note] InnoDB: File 'C:\1295473_moin\xampp\mysql\data\ibtmp1' size is now 12 MB.
2026-04-18 12:41:40 0 [Note] InnoDB: Waiting for purge to start
2026-04-18 12:41:40 0 [Note] InnoDB: 10.4.32 started; log sequence number 300297; transaction id 170
2026-04-18 12:41:40 0 [Note] InnoDB: Loading buffer pool(s) from C:\1295473_moin\xampp\mysql\data\ib_buffer_pool
2026-04-18 12:41:40 0 [Note] Plugin 'FEEDBACK' is disabled.
2026-04-18 12:41:40 0 [Note] Server socket created on IP: '::'.
2026-04-19  9:26:44 0 [Note] Starting MariaDB 10.4.32-MariaDB source revision c4143f909528e3fab0677a28631d10389354c491 as process 3512
2026-04-19  9:26:44 0 [Note] InnoDB: Mutexes and rw_locks use Windows interlocked functions
2026-04-19  9:26:44 0 [Note] InnoDB: Uses event mutexes
2026-04-19  9:26:44 0 [Note] InnoDB: Compressed tables use zlib 1.3
2026-04-19  9:26:44 0 [Note] InnoDB: Number of pools: 1
2026-04-19  9:26:44 0 [Note] InnoDB: Using SSE2 crc32 instructions
2026-04-19  9:26:44 0 [Note] InnoDB: Initializing buffer pool, total size = 16M, instances = 1, chunk size = 16M
2026-04-19  9:26:44 0 [Note] InnoDB: Completed initialization of buffer pool
2026-04-19  9:26:44 0 [Note] InnoDB: Starting crash recovery from checkpoint LSN=300306
2026-04-19  9:26:45 0 [Note] InnoDB: 128 out of 128 rollback segments are active.
2026-04-19  9:26:45 0 [Note] InnoDB: Removed temporary tablespace data file: "ibtmp1"
2026-04-19  9:26:45 0 [Note] InnoDB: Creating shared tablespace for temporary tables
2026-04-19  9:26:45 0 [Note] InnoDB: Setting file 'C:\1295473_moin\xampp\mysql\data\ibtmp1' size to 12 MB. Physically writing the file full; Please wait ...
2026-04-19  9:26:45 0 [Note] InnoDB: File 'C:\1295473_moin\xampp\mysql\data\ibtmp1' size is now 12 MB.
2026-04-19  9:26:45 0 [Note] InnoDB: Waiting for purge to start
2026-04-19  9:26:45 0 [Note] InnoDB: 10.4.32 started; log sequence number 300315; transaction id 170
2026-04-19  9:26:45 0 [Note] InnoDB: Loading buffer pool(s) from C:\1295473_moin\xampp\mysql\data\ib_buffer_pool
2026-04-19  9:26:45 0 [Note] Plugin 'FEEDBACK' is disabled.
2026-04-19  9:26:45 0 [Note] Server socket created on IP: '::'.
2026-04-20  9:24:55 0 [Note] Starting MariaDB 10.4.32-MariaDB source revision c4143f909528e3fab0677a28631d10389354c491 as process 8952
2026-04-20  9:24:55 0 [Note] mysqld.exe: Aria engine: starting recovery
recovered pages: 0% 55% 65% 91% 100% (0.0 seconds); tables to flush: 1 0
 (0.0 seconds); 
2026-04-20  9:24:55 0 [Note] mysqld.exe: Aria engine: recovery done
2026-04-20  9:24:55 0 [Note] InnoDB: Mutexes and rw_locks use Windows interlocked functions
2026-04-20  9:24:55 0 [Note] InnoDB: Uses event mutexes
2026-04-20  9:24:55 0 [Note] InnoDB: Compressed tables use zlib 1.3
2026-04-20  9:24:55 0 [Note] InnoDB: Number of pools: 1
2026-04-20  9:24:55 0 [Note] InnoDB: Using SSE2 crc32 instructions
2026-04-20  9:24:55 0 [Note] InnoDB: Initializing buffer pool, total size = 16M, instances = 1, chunk size = 16M
2026-04-20  9:24:55 0 [Note] InnoDB: Completed initialization of buffer pool
2026-04-20  9:24:55 0 [Note] InnoDB: Starting crash recovery from checkpoint LSN=336180
2026-04-20  9:24:55 0 [Note] InnoDB: 128 out of 128 rollback segments are active.
2026-04-20  9:24:55 0 [Note] InnoDB: Removed temporary tablespace data file: "ibtmp1"
2026-04-20  9:24:55 0 [Note] InnoDB: Creating shared tablespace for temporary tables
2026-04-20  9:24:55 0 [Note] InnoDB: Setting file 'C:\1295473_moin\xampp\mysql\data\ibtmp1' size to 12 MB. Physically writing the file full; Please wait ...
2026-04-20  9:24:55 0 [Note] InnoDB: File 'C:\1295473_moin\xampp\mysql\data\ibtmp1' size is now 12 MB.
2026-04-20  9:24:55 0 [Note] InnoDB: Waiting for purge to start
2026-04-20  9:24:55 0 [Note] InnoDB: 10.4.32 started; log sequence number 336189; transaction id 271
2026-04-20  9:24:55 0 [Note] InnoDB: Loading buffer pool(s) from C:\1295473_moin\xampp\mysql\data\ib_buffer_pool
2026-04-20  9:24:55 0 [Note] Plugin 'FEEDBACK' is disabled.
2026-04-20  9:24:55 0 [Note] Server socket created on IP: '::'.
2026-04-20 10:25:06 0 [Note] Starting MariaDB 10.4.32-MariaDB source revision c4143f909528e3fab0677a28631d10389354c491 as process 3980
2026-04-20 10:25:06 0 [Note] InnoDB: Mutexes and rw_locks use Windows interlocked functions
2026-04-20 10:25:06 0 [Note] InnoDB: Uses event mutexes
2026-04-20 10:25:06 0 [Note] InnoDB: Compressed tables use zlib 1.3
2026-04-20 10:25:06 0 [Note] InnoDB: Number of pools: 1
2026-04-20 10:25:06 0 [Note] InnoDB: Using SSE2 crc32 instructions
2026-04-20 10:25:06 0 [Note] InnoDB: Initializing buffer pool, total size = 16M, instances = 1, chunk size = 16M
2026-04-20 10:25:06 0 [Note] InnoDB: Completed initialization of buffer pool
2026-04-20 10:25:06 0 [Note] InnoDB: Starting crash recovery from checkpoint LSN=338762
2026-04-20 10:25:06 0 [Note] InnoDB: 128 out of 128 rollback segments are active.
2026-04-20 10:25:06 0 [Note] InnoDB: Removed temporary tablespace data file: "ibtmp1"
2026-04-20 10:25:06 0 [Note] InnoDB: Creating shared tablespace for temporary tables
2026-04-20 10:25:06 0 [Note] InnoDB: Setting file 'C:\1295473_moin\xampp\mysql\data\ibtmp1' size to 12 MB. Physically writing the file full; Please wait ...
2026-04-20 10:25:06 0 [Note] InnoDB: File 'C:\1295473_moin\xampp\mysql\data\ibtmp1' size is now 12 MB.
2026-04-20 10:25:06 0 [Note] InnoDB: Waiting for purge to start
2026-04-20 10:25:06 0 [Note] InnoDB: 10.4.32 started; log sequence number 338771; transaction id 281
2026-04-20 10:25:06 0 [Note] InnoDB: Loading buffer pool(s) from C:\1295473_moin\xampp\mysql\data\ib_buffer_pool
2026-04-20 10:25:06 0 [Note] Plugin 'FEEDBACK' is disabled.
2026-04-20 10:25:06 0 [Note] Server socket created on IP: '::'.
2026-04-21  9:36:53 0 [Note] Starting MariaDB 10.4.32-MariaDB source revision c4143f909528e3fab0677a28631d10389354c491 as process 7640
2026-04-21  9:36:53 0 [Note] mysqld.exe: Aria engine: starting recovery
recovered pages: 0% 11% 22% 32% 43% 53% 63% 74% 85% 98% 100% (0.0 seconds); tables to flush: 1 0
 (0.0 seconds); 
2026-04-21  9:36:53 0 [Note] mysqld.exe: Aria engine: recovery done
2026-04-21  9:36:53 0 [Note] InnoDB: Mutexes and rw_locks use Windows interlocked functions
2026-04-21  9:36:53 0 [Note] InnoDB: Uses event mutexes
2026-04-21  9:36:53 0 [Note] InnoDB: Compressed tables use zlib 1.3
2026-04-21  9:36:53 0 [Note] InnoDB: Number of pools: 1
2026-04-21  9:36:53 0 [Note] InnoDB: Using SSE2 crc32 instructions
2026-04-21  9:36:53 0 [Note] InnoDB: Initializing buffer pool, total size = 16M, instances = 1, chunk size = 16M
2026-04-21  9:36:53 0 [Note] InnoDB: Completed initialization of buffer pool
2026-04-21  9:36:53 0 [Note] InnoDB: Starting crash recovery from checkpoint LSN=610195
2026-04-21  9:36:53 0 [Note] InnoDB: 128 out of 128 rollback segments are active.
2026-04-21  9:36:53 0 [Note] InnoDB: Removed temporary tablespace data file: "ibtmp1"
2026-04-21  9:36:53 0 [Note] InnoDB: Creating shared tablespace for temporary tables
2026-04-21  9:36:53 0 [Note] InnoDB: Setting file 'C:\1295473_moin\xampp\mysql\data\ibtmp1' size to 12 MB. Physically writing the file full; Please wait ...
2026-04-21  9:36:53 0 [Note] InnoDB: File 'C:\1295473_moin\xampp\mysql\data\ibtmp1' size is now 12 MB.
2026-04-21  9:36:53 0 [Note] InnoDB: Waiting for purge to start
2026-04-21  9:36:53 0 [Note] InnoDB: 10.4.32 started; log sequence number 610204; transaction id 552
2026-04-21  9:36:53 0 [Note] InnoDB: Loading buffer pool(s) from C:\1295473_moin\xampp\mysql\data\ib_buffer_pool
2026-04-21  9:36:53 0 [Note] Plugin 'FEEDBACK' is disabled.
2026-04-21  9:36:53 0 [Note] Server socket created on IP: '::'.
2026-04-21 11:54:52 0 [Note] Starting MariaDB 10.4.32-MariaDB source revision c4143f909528e3fab0677a28631d10389354c491 as process 7104
2026-04-21 11:54:52 0 [Note] InnoDB: Mutexes and rw_locks use Windows interlocked functions
2026-04-21 11:54:52 0 [Note] InnoDB: Uses event mutexes
2026-04-21 11:54:52 0 [Note] InnoDB: Compressed tables use zlib 1.3
2026-04-21 11:54:52 0 [Note] InnoDB: Number of pools: 1
2026-04-21 11:54:52 0 [Note] InnoDB: Using SSE2 crc32 instructions
2026-04-21 11:54:52 0 [Note] InnoDB: Initializing buffer pool, total size = 16M, instances = 1, chunk size = 16M
2026-04-21 11:54:52 0 [Note] InnoDB: Completed initialization of buffer pool
2026-04-21 11:54:52 0 [Note] InnoDB: Starting crash recovery from checkpoint LSN=616090
2026-04-21 11:54:53 0 [Note] InnoDB: 128 out of 128 rollback segments are active.
2026-04-21 11:54:53 0 [Note] InnoDB: Removed temporary tablespace data file: "ibtmp1"
2026-04-21 11:54:53 0 [Note] InnoDB: Creating shared tablespace for temporary tables
2026-04-21 11:54:53 0 [Note] InnoDB: Setting file 'C:\1295473_moin\xampp\mysql\data\ibtmp1' size to 12 MB. Physically writing the file full; Please wait ...
2026-04-21 11:54:53 0 [Note] InnoDB: File 'C:\1295473_moin\xampp\mysql\data\ibtmp1' size is now 12 MB.
2026-04-21 11:54:53 0 [Note] InnoDB: Waiting for purge to start
2026-04-21 11:54:53 0 [Note] InnoDB: 10.4.32 started; log sequence number 616099; transaction id 579
2026-04-21 11:54:53 0 [Note] InnoDB: Loading buffer pool(s) from C:\1295473_moin\xampp\mysql\data\ib_buffer_pool
2026-04-21 11:54:53 0 [Note] Plugin 'FEEDBACK' is disabled.
2026-04-21 11:54:53 0 [Note] Server socket created on IP: '::'.
2026-04-21 11:54:57 0 [Note] Starting MariaDB 10.4.32-MariaDB source revision c4143f909528e3fab0677a28631d10389354c491 as process 1136
2026-04-21 11:54:57 0 [Note] InnoDB: Mutexes and rw_locks use Windows interlocked functions
2026-04-21 11:54:57 0 [Note] InnoDB: Uses event mutexes
2026-04-21 11:54:57 0 [Note] InnoDB: Compressed tables use zlib 1.3
2026-04-21 11:54:57 0 [Note] InnoDB: Number of pools: 1
2026-04-21 11:54:57 0 [Note] InnoDB: Using SSE2 crc32 instructions
2026-04-21 11:54:57 0 [Note] InnoDB: Initializing buffer pool, total size = 16M, instances = 1, chunk size = 16M
2026-04-21 11:54:57 0 [Note] InnoDB: Completed initialization of buffer pool
2026-04-21 11:54:57 0 [Note] InnoDB: Starting crash recovery from checkpoint LSN=616090
2026-04-21 11:54:57 0 [Note] InnoDB: 128 out of 128 rollback segments are active.
2026-04-21 11:54:57 0 [Note] InnoDB: Removed temporary tablespace data file: "ibtmp1"
2026-04-21 11:54:57 0 [Note] InnoDB: Creating shared tablespace for temporary tables
2026-04-21 11:54:57 0 [Note] InnoDB: Setting file 'C:\1295473_moin\xampp\mysql\data\ibtmp1' size to 12 MB. Physically writing the file full; Please wait ...
2026-04-21 11:54:57 0 [Note] InnoDB: File 'C:\1295473_moin\xampp\mysql\data\ibtmp1' size is now 12 MB.
2026-04-21 11:54:57 0 [Note] InnoDB: Waiting for purge to start
2026-04-21 11:54:57 0 [Note] InnoDB: 10.4.32 started; log sequence number 616099; transaction id 579
2026-04-21 11:54:57 0 [Note] InnoDB: Loading buffer pool(s) from C:\1295473_moin\xampp\mysql\data\ib_buffer_pool
2026-04-21 11:54:57 0 [Note] Plugin 'FEEDBACK' is disabled.
2026-04-21 11:54:57 0 [Note] Server socket created on IP: '::'.
2026-04-25  9:29:43 0 [Note] Starting MariaDB 10.4.32-MariaDB source revision c4143f909528e3fab0677a28631d10389354c491 as process 10764
2026-04-25  9:29:43 0 [Note] InnoDB: Mutexes and rw_locks use Windows interlocked functions
2026-04-25  9:29:43 0 [Note] InnoDB: Uses event mutexes
2026-04-25  9:29:43 0 [Note] InnoDB: Compressed tables use zlib 1.3
2026-04-25  9:29:43 0 [Note] InnoDB: Number of pools: 1
2026-04-25  9:29:43 0 [Note] InnoDB: Using SSE2 crc32 instructions
2026-04-25  9:29:43 0 [Note] InnoDB: Initializing buffer pool, total size = 16M, instances = 1, chunk size = 16M
2026-04-25  9:29:43 0 [Note] InnoDB: Completed initialization of buffer pool
2026-04-25  9:29:43 0 [Note] InnoDB: Starting crash recovery from checkpoint LSN=616108
2026-04-25  9:29:43 0 [Note] InnoDB: 128 out of 128 rollback segments are active.
2026-04-25  9:29:43 0 [Note] InnoDB: Removed temporary tablespace data file: "ibtmp1"
2026-04-25  9:29:43 0 [Note] InnoDB: Creating shared tablespace for temporary tables
2026-04-25  9:29:43 0 [Note] InnoDB: Setting file 'C:\1295473_moin\xampp\mysql\data\ibtmp1' size to 12 MB. Physically writing the file full; Please wait ...
2026-04-25  9:29:43 0 [Note] InnoDB: File 'C:\1295473_moin\xampp\mysql\data\ibtmp1' size is now 12 MB.
2026-04-25  9:29:43 0 [Note] InnoDB: Waiting for purge to start
2026-04-25  9:29:43 0 [Note] InnoDB: 10.4.32 started; log sequence number 616117; transaction id 579
2026-04-25  9:29:43 0 [Note] InnoDB: Loading buffer pool(s) from C:\1295473_moin\xampp\mysql\data\ib_buffer_pool
2026-04-25  9:29:43 0 [Note] Plugin 'FEEDBACK' is disabled.
2026-04-25  9:29:43 0 [Note] Server socket created on IP: '::'.
2026-04-26 10:05:57 0 [Note] Starting MariaDB 10.4.32-MariaDB source revision c4143f909528e3fab0677a28631d10389354c491 as process 6248
2026-04-26 10:05:57 0 [Note] mysqld.exe: Aria engine: starting recovery
recovered pages: 0% 42% 52% 92% 100% (0.0 seconds); tables to flush: 1 0
 (0.0 seconds); 
2026-04-26 10:05:57 0 [Note] mysqld.exe: Aria engine: recovery done
2026-04-26 10:05:57 0 [Note] InnoDB: Mutexes and rw_locks use Windows interlocked functions
2026-04-26 10:05:57 0 [Note] InnoDB: Uses event mutexes
2026-04-26 10:05:57 0 [Note] InnoDB: Compressed tables use zlib 1.3
2026-04-26 10:05:57 0 [Note] InnoDB: Number of pools: 1
2026-04-26 10:05:57 0 [Note] InnoDB: Using SSE2 crc32 instructions
2026-04-26 10:05:57 0 [Note] InnoDB: Initializing buffer pool, total size = 16M, instances = 1, chunk size = 16M
2026-04-26 10:05:57 0 [Note] InnoDB: Completed initialization of buffer pool
2026-04-26 10:05:57 0 [Note] InnoDB: Starting crash recovery from checkpoint LSN=634268
2026-04-26 10:05:57 0 [Note] InnoDB: 128 out of 128 rollback segments are active.
2026-04-26 10:05:57 0 [Note] InnoDB: Removed temporary tablespace data file: "ibtmp1"
2026-04-26 10:05:57 0 [Note] InnoDB: Creating shared tablespace for temporary tables
2026-04-26 10:05:57 0 [Note] InnoDB: Setting file 'C:\1295473_moin\xampp\mysql\data\ibtmp1' size to 12 MB. Physically writing the file full; Please wait ...
2026-04-26 10:05:57 0 [Note] InnoDB: File 'C:\1295473_moin\xampp\mysql\data\ibtmp1' size is now 12 MB.
2026-04-26 10:05:57 0 [Note] InnoDB: Waiting for purge to start
2026-04-26 10:05:57 0 [Note] InnoDB: 10.4.32 started; log sequence number 634277; transaction id 647
2026-04-26 10:05:57 0 [Note] InnoDB: Loading buffer pool(s) from C:\1295473_moin\xampp\mysql\data\ib_buffer_pool
2026-04-26 10:05:57 0 [Note] Plugin 'FEEDBACK' is disabled.
2026-04-26 10:05:57 0 [Note] Server socket created on IP: '::'.
2026-04-27  9:12:14 0 [Note] Starting MariaDB 10.4.32-MariaDB source revision c4143f909528e3fab0677a28631d10389354c491 as process 988
2026-04-27  9:12:14 0 [Note] InnoDB: Mutexes and rw_locks use Windows interlocked functions
2026-04-27  9:12:14 0 [Note] InnoDB: Uses event mutexes
2026-04-27  9:12:14 0 [Note] InnoDB: Compressed tables use zlib 1.3
2026-04-27  9:12:14 0 [Note] InnoDB: Number of pools: 1
2026-04-27  9:12:14 0 [Note] InnoDB: Using SSE2 crc32 instructions
2026-04-27  9:12:14 0 [Note] InnoDB: Initializing buffer pool, total size = 16M, instances = 1, chunk size = 16M
2026-04-27  9:12:14 0 [Note] InnoDB: Completed initialization of buffer pool
2026-04-27  9:12:14 0 [Note] InnoDB: Starting crash recovery from checkpoint LSN=634596
2026-04-27  9:12:14 0 [Note] InnoDB: 128 out of 128 rollback segments are active.
2026-04-27  9:12:14 0 [Note] InnoDB: Removed temporary tablespace data file: "ibtmp1"
2026-04-27  9:12:14 0 [Note] InnoDB: Creating shared tablespace for temporary tables
2026-04-27  9:12:14 0 [Note] InnoDB: Setting file 'C:\1295473_moin\xampp\mysql\data\ibtmp1' size to 12 MB. Physically writing the file full; Please wait ...
2026-04-27  9:12:14 0 [Note] InnoDB: File 'C:\1295473_moin\xampp\mysql\data\ibtmp1' size is now 12 MB.
2026-04-27  9:12:14 0 [Note] InnoDB: Waiting for purge to start
2026-04-27  9:12:14 0 [Note] InnoDB: 10.4.32 started; log sequence number 634605; transaction id 655
2026-04-27  9:12:14 0 [Note] InnoDB: Loading buffer pool(s) from C:\1295473_moin\xampp\mysql\data\ib_buffer_pool
2026-04-27  9:12:14 0 [Note] Plugin 'FEEDBACK' is disabled.
2026-04-27  9:12:14 0 [Note] Server socket created on IP: '::'.
2026-04-28 11:28:16 0 [Note] Starting MariaDB 10.4.32-MariaDB source revision c4143f909528e3fab0677a28631d10389354c491 as process 1192
2026-04-28 11:28:16 0 [Note] InnoDB: Mutexes and rw_locks use Windows interlocked functions
2026-04-28 11:28:16 0 [Note] InnoDB: Uses event mutexes
2026-04-28 11:28:16 0 [Note] InnoDB: Compressed tables use zlib 1.3
2026-04-28 11:28:16 0 [Note] InnoDB: Number of pools: 1
2026-04-28 11:28:16 0 [Note] InnoDB: Using SSE2 crc32 instructions
2026-04-28 11:28:16 0 [Note] InnoDB: Initializing buffer pool, total size = 16M, instances = 1, chunk size = 16M
2026-04-28 11:28:16 0 [Note] InnoDB: Completed initialization of buffer pool
2026-04-28 11:28:16 0 [Note] InnoDB: Starting crash recovery from checkpoint LSN=663932
2026-04-28 11:28:17 0 [Note] InnoDB: 128 out of 128 rollback segments are active.
2026-04-28 11:28:17 0 [Note] InnoDB: Removed temporary tablespace data file: "ibtmp1"
2026-04-28 11:28:17 0 [Note] InnoDB: Creating shared tablespace for temporary tables
2026-04-28 11:28:17 0 [Note] InnoDB: Setting file 'C:\1295473_moin\xampp\mysql\data\ibtmp1' size to 12 MB. Physically writing the file full; Please wait ...
2026-04-28 11:28:17 0 [Note] InnoDB: File 'C:\1295473_moin\xampp\mysql\data\ibtmp1' size is now 12 MB.
2026-04-28 11:28:17 0 [Note] InnoDB: Waiting for purge to start
2026-04-28 11:28:17 0 [Note] InnoDB: 10.4.32 started; log sequence number 663941; transaction id 739
2026-04-28 11:28:17 0 [Note] InnoDB: Loading buffer pool(s) from C:\1295473_moin\xampp\mysql\data\ib_buffer_pool
2026-04-28 11:28:17 0 [Note] Plugin 'FEEDBACK' is disabled.
2026-04-28 11:28:17 0 [Note] InnoDB: Buffer pool(s) load completed at 260428 11:28:17
2026-04-28 11:28:17 0 [Note] Server socket created on IP: '::'.
2026-04-29 10:24:24 0 [Note] Starting MariaDB 10.4.32-MariaDB source revision c4143f909528e3fab0677a28631d10389354c491 as process 10332
2026-04-29 10:24:24 0 [Note] InnoDB: Mutexes and rw_locks use Windows interlocked functions
2026-04-29 10:24:24 0 [Note] InnoDB: Uses event mutexes
2026-04-29 10:24:24 0 [Note] InnoDB: Compressed tables use zlib 1.3
2026-04-29 10:24:24 0 [Note] InnoDB: Number of pools: 1
2026-04-29 10:24:24 0 [Note] InnoDB: Using SSE2 crc32 instructions
2026-04-29 10:24:24 0 [Note] InnoDB: Initializing buffer pool, total size = 16M, instances = 1, chunk size = 16M
2026-04-29 10:24:24 0 [Note] InnoDB: Completed initialization of buffer pool
2026-04-29 10:24:24 0 [Note] InnoDB: Starting crash recovery from checkpoint LSN=674383
2026-04-29 10:24:25 0 [Note] InnoDB: 128 out of 128 rollback segments are active.
2026-04-29 10:24:25 0 [Note] InnoDB: Removed temporary tablespace data file: "ibtmp1"
2026-04-29 10:24:25 0 [Note] InnoDB: Creating shared tablespace for temporary tables
2026-04-29 10:24:25 0 [Note] InnoDB: Setting file 'C:\1295473_moin\xampp\mysql\data\ibtmp1' size to 12 MB. Physically writing the file full; Please wait ...
2026-04-29 10:24:25 0 [Note] InnoDB: File 'C:\1295473_moin\xampp\mysql\data\ibtmp1' size is now 12 MB.
2026-04-29 10:24:25 0 [Note] InnoDB: Waiting for purge to start
2026-04-29 10:24:25 0 [Note] InnoDB: 10.4.32 started; log sequence number 674392; transaction id 774
2026-04-29 10:24:25 0 [Note] InnoDB: Loading buffer pool(s) from C:\1295473_moin\xampp\mysql\data\ib_buffer_pool
2026-04-29 10:24:25 0 [Note] Plugin 'FEEDBACK' is disabled.
2026-04-29 10:24:25 0 [Note] InnoDB: Buffer pool(s) load completed at 260429 10:24:25
2026-04-29 10:24:25 0 [Note] Server socket created on IP: '::'.
2026-04-30  9:44:20 0 [Note] Starting MariaDB 10.4.32-MariaDB source revision c4143f909528e3fab0677a28631d10389354c491 as process 14332
2026-04-30  9:44:20 0 [Note] InnoDB: Mutexes and rw_locks use Windows interlocked functions
2026-04-30  9:44:20 0 [Note] InnoDB: Uses event mutexes
2026-04-30  9:44:20 0 [Note] InnoDB: Compressed tables use zlib 1.3
2026-04-30  9:44:20 0 [Note] InnoDB: Number of pools: 1
2026-04-30  9:44:20 0 [Note] InnoDB: Using SSE2 crc32 instructions
2026-04-30  9:44:20 0 [Note] InnoDB: Initializing buffer pool, total size = 16M, instances = 1, chunk size = 16M
2026-04-30  9:44:20 0 [Note] InnoDB: Completed initialization of buffer pool
2026-04-30  9:44:20 0 [Note] InnoDB: Starting crash recovery from checkpoint LSN=702577
2026-04-30  9:44:20 0 [Note] InnoDB: 128 out of 128 rollback segments are active.
2026-04-30  9:44:20 0 [Note] InnoDB: Removed temporary tablespace data file: "ibtmp1"
2026-04-30  9:44:20 0 [Note] InnoDB: Creating shared tablespace for temporary tables
2026-04-30  9:44:20 0 [Note] InnoDB: Setting file 'C:\1295473_moin\xampp\mysql\data\ibtmp1' size to 12 MB. Physically writing the file full; Please wait ...
2026-04-30  9:44:20 0 [Note] InnoDB: File 'C:\1295473_moin\xampp\mysql\data\ibtmp1' size is now 12 MB.
2026-04-30  9:44:20 0 [Note] InnoDB: Waiting for purge to start
2026-04-30  9:44:21 0 [Note] InnoDB: 10.4.32 started; log sequence number 702586; transaction id 838
2026-04-30  9:44:21 0 [Note] InnoDB: Loading buffer pool(s) from C:\1295473_moin\xampp\mysql\data\ib_buffer_pool
2026-04-30  9:44:21 0 [Note] Plugin 'FEEDBACK' is disabled.
2026-04-30  9:44:21 0 [Note] Server socket created on IP: '::'.
2026-05-04  9:11:42 0 [Note] Starting MariaDB 10.4.32-MariaDB source revision c4143f909528e3fab0677a28631d10389354c491 as process 4788
2026-05-04  9:11:42 0 [Note] InnoDB: Mutexes and rw_locks use Windows interlocked functions
2026-05-04  9:11:42 0 [Note] InnoDB: Uses event mutexes
2026-05-04  9:11:42 0 [Note] InnoDB: Compressed tables use zlib 1.3
2026-05-04  9:11:42 0 [Note] InnoDB: Number of pools: 1
2026-05-04  9:11:42 0 [Note] InnoDB: Using SSE2 crc32 instructions
2026-05-04  9:11:42 0 [Note] InnoDB: Initializing buffer pool, total size = 16M, instances = 1, chunk size = 16M
2026-05-04  9:11:42 0 [Note] InnoDB: Completed initialization of buffer pool
2026-05-04  9:11:42 0 [Note] InnoDB: Starting crash recovery from checkpoint LSN=714209
2026-05-04  9:11:42 0 [Note] InnoDB: 128 out of 128 rollback segments are active.
2026-05-04  9:11:42 0 [Note] InnoDB: Removed temporary tablespace data file: "ibtmp1"
2026-05-04  9:11:42 0 [Note] InnoDB: Creating shared tablespace for temporary tables
2026-05-04  9:11:42 0 [Note] InnoDB: Setting file 'C:\1295473_moin\xampp\mysql\data\ibtmp1' size to 12 MB. Physically writing the file full; Please wait ...
2026-05-04  9:11:42 0 [Note] InnoDB: File 'C:\1295473_moin\xampp\mysql\data\ibtmp1' size is now 12 MB.
2026-05-04  9:11:42 0 [Note] InnoDB: Waiting for purge to start
2026-05-04  9:11:42 0 [Note] InnoDB: 10.4.32 started; log sequence number 714218; transaction id 875
2026-05-04  9:11:42 0 [Note] InnoDB: Loading buffer pool(s) from C:\1295473_moin\xampp\mysql\data\ib_buffer_pool
2026-05-04  9:11:42 0 [Note] Plugin 'FEEDBACK' is disabled.
2026-05-04  9:11:42 0 [Note] Server socket created on IP: '::'.
2026-05-05 10:52:45 0 [Note] Starting MariaDB 10.4.32-MariaDB source revision c4143f909528e3fab0677a28631d10389354c491 as process 9068
2026-05-05 10:52:45 0 [Note] InnoDB: Mutexes and rw_locks use Windows interlocked functions
2026-05-05 10:52:45 0 [Note] InnoDB: Uses event mutexes
2026-05-05 10:52:45 0 [Note] InnoDB: Compressed tables use zlib 1.3
2026-05-05 10:52:45 0 [Note] InnoDB: Number of pools: 1
2026-05-05 10:52:45 0 [Note] InnoDB: Using SSE2 crc32 instructions
2026-05-05 10:52:45 0 [Note] InnoDB: Initializing buffer pool, total size = 16M, instances = 1, chunk size = 16M
2026-05-05 10:52:45 0 [Note] InnoDB: Completed initialization of buffer pool
2026-05-05 10:52:45 0 [Note] InnoDB: Starting crash recovery from checkpoint LSN=731005
2026-05-05 10:52:45 0 [Note] InnoDB: 128 out of 128 rollback segments are active.
2026-05-05 10:52:45 0 [Note] InnoDB: Removed temporary tablespace data file: "ibtmp1"
2026-05-05 10:52:45 0 [Note] InnoDB: Creating shared tablespace for temporary tables
2026-05-05 10:52:45 0 [Note] InnoDB: Setting file 'C:\1295473_moin\xampp\mysql\data\ibtmp1' size to 12 MB. Physically writing the file full; Please wait ...
2026-05-05 10:52:45 0 [Note] InnoDB: File 'C:\1295473_moin\xampp\mysql\data\ibtmp1' size is now 12 MB.
2026-05-05 10:52:45 0 [Note] InnoDB: Waiting for purge to start
2026-05-05 10:52:45 0 [Note] InnoDB: 10.4.32 started; log sequence number 731014; transaction id 935
2026-05-05 10:52:45 0 [Note] InnoDB: Loading buffer pool(s) from C:\1295473_moin\xampp\mysql\data\ib_buffer_pool
2026-05-05 10:52:45 0 [Note] Plugin 'FEEDBACK' is disabled.
2026-05-05 10:52:45 0 [Note] Server socket created on IP: '::'.
2026-05-06 10:15:04 0 [Note] Starting MariaDB 10.4.32-MariaDB source revision c4143f909528e3fab0677a28631d10389354c491 as process 5624
2026-05-06 10:15:04 0 [Note] mysqld.exe: Aria engine: starting recovery
recovered pages: 0% 41% 51% 92% 100% (0.0 seconds); tables to flush: 1 0
 (0.0 seconds); 
2026-05-06 10:15:04 0 [Note] mysqld.exe: Aria engine: recovery done
2026-05-06 10:15:04 0 [Note] InnoDB: Mutexes and rw_locks use Windows interlocked functions
2026-05-06 10:15:04 0 [Note] InnoDB: Uses event mutexes
2026-05-06 10:15:04 0 [Note] InnoDB: Compressed tables use zlib 1.3
2026-05-06 10:15:04 0 [Note] InnoDB: Number of pools: 1
2026-05-06 10:15:04 0 [Note] InnoDB: Using SSE2 crc32 instructions
2026-05-06 10:15:04 0 [Note] InnoDB: Initializing buffer pool, total size = 16M, instances = 1, chunk size = 16M
2026-05-06 10:15:04 0 [Note] InnoDB: Completed initialization of buffer pool
2026-05-06 10:15:04 0 [Note] InnoDB: Starting crash recovery from checkpoint LSN=774753
2026-05-06 10:15:04 0 [Note] InnoDB: 128 out of 128 rollback segments are active.
2026-05-06 10:15:04 0 [Note] InnoDB: Removed temporary tablespace data file: "ibtmp1"
2026-05-06 10:15:04 0 [Note] InnoDB: Creating shared tablespace for temporary tables
2026-05-06 10:15:04 0 [Note] InnoDB: Setting file 'C:\1295473_moin\xampp\mysql\data\ibtmp1' size to 12 MB. Physically writing the file full; Please wait ...
2026-05-06 10:15:04 0 [Note] InnoDB: File 'C:\1295473_moin\xampp\mysql\data\ibtmp1' size is now 12 MB.
2026-05-06 10:15:04 0 [Note] InnoDB: Waiting for purge to start
2026-05-06 10:15:04 0 [Note] InnoDB: 10.4.32 started; log sequence number 774762; transaction id 1066
2026-05-06 10:15:04 0 [Note] InnoDB: Loading buffer pool(s) from C:\1295473_moin\xampp\mysql\data\ib_buffer_pool
2026-05-06 10:15:04 0 [Note] Plugin 'FEEDBACK' is disabled.
2026-05-06 10:15:04 0 [Note] Server socket created on IP: '::'.
2026-06-06  9:39:50 0 [Note] Starting MariaDB 10.4.32-MariaDB source revision c4143f909528e3fab0677a28631d10389354c491 as process 1596
2026-06-06  9:39:50 0 [Note] InnoDB: Mutexes and rw_locks use Windows interlocked functions
2026-06-06  9:39:50 0 [Note] InnoDB: Uses event mutexes
2026-06-06  9:39:50 0 [Note] InnoDB: Compressed tables use zlib 1.3
2026-06-06  9:39:50 0 [Note] InnoDB: Number of pools: 1
2026-06-06  9:39:50 0 [Note] InnoDB: Using SSE2 crc32 instructions
2026-06-06  9:39:50 0 [Note] InnoDB: Initializing buffer pool, total size = 16M, instances = 1, chunk size = 16M
2026-06-06  9:39:50 0 [Note] InnoDB: Completed initialization of buffer pool
2026-06-06  9:39:50 0 [Note] InnoDB: Starting crash recovery from checkpoint LSN=774771
2026-06-06  9:39:50 0 [Note] InnoDB: 128 out of 128 rollback segments are active.
2026-06-06  9:39:50 0 [Note] InnoDB: Removed temporary tablespace data file: "ibtmp1"
2026-06-06  9:39:50 0 [Note] InnoDB: Creating shared tablespace for temporary tables
2026-06-06  9:39:50 0 [Note] InnoDB: Setting file 'C:\1295473_moin\xampp\mysql\data\ibtmp1' size to 12 MB. Physically writing the file full; Please wait ...
2026-06-06  9:39:50 0 [Note] InnoDB: File 'C:\1295473_moin\xampp\mysql\data\ibtmp1' size is now 12 MB.
2026-06-06  9:39:50 0 [Note] InnoDB: Waiting for purge to start
2026-06-06  9:39:50 0 [Note] InnoDB: 10.4.32 started; log sequence number 774780; transaction id 1066
2026-06-06  9:39:50 0 [Note] InnoDB: Loading buffer pool(s) from C:\1295473_moin\xampp\mysql\data\ib_buffer_pool
2026-06-06  9:39:50 0 [Note] Plugin 'FEEDBACK' is disabled.
2026-06-06  9:39:50 0 [Note] InnoDB: Buffer pool(s) load completed at 260606  9:39:50
2026-06-06  9:39:50 0 [Note] Server socket created on IP: '::'.
2026-06-09  9:07:34 0 [Note] Starting MariaDB 10.4.32-MariaDB source revision c4143f909528e3fab0677a28631d10389354c491 as process 10572
2026-06-09  9:07:34 0 [Note] InnoDB: Mutexes and rw_locks use Windows interlocked functions
2026-06-09  9:07:34 0 [Note] InnoDB: Uses event mutexes
2026-06-09  9:07:34 0 [Note] InnoDB: Compressed tables use zlib 1.3
2026-06-09  9:07:34 0 [Note] InnoDB: Number of pools: 1
2026-06-09  9:07:34 0 [Note] InnoDB: Using SSE2 crc32 instructions
2026-06-09  9:07:34 0 [Note] InnoDB: Initializing buffer pool, total size = 16M, instances = 1, chunk size = 16M
2026-06-09  9:07:34 0 [Note] InnoDB: Completed initialization of buffer pool
2026-06-09  9:07:34 0 [Note] InnoDB: Starting crash recovery from checkpoint LSN=774789
2026-06-09  9:07:35 0 [Note] InnoDB: 128 out of 128 rollback segments are active.
2026-06-09  9:07:35 0 [Note] InnoDB: Removed temporary tablespace data file: "ibtmp1"
2026-06-09  9:07:35 0 [Note] InnoDB: Creating shared tablespace for temporary tables
2026-06-09  9:07:35 0 [Note] InnoDB: Setting file 'C:\1295473_moin\xampp\mysql\data\ibtmp1' size to 12 MB. Physically writing the file full; Please wait ...
2026-06-09  9:07:35 0 [Note] InnoDB: File 'C:\1295473_moin\xampp\mysql\data\ibtmp1' size is now 12 MB.
2026-06-09  9:07:35 0 [Note] InnoDB: Waiting for purge to start
2026-06-09  9:07:35 0 [Note] InnoDB: 10.4.32 started; log sequence number 774798; transaction id 1066
2026-06-09  9:07:35 0 [Note] InnoDB: Loading buffer pool(s) from C:\1295473_moin\xampp\mysql\data\ib_buffer_pool
2026-06-09  9:07:35 0 [Note] Plugin 'FEEDBACK' is disabled.
2026-06-09  9:07:35 0 [Note] InnoDB: Buffer pool(s) load completed at 260609  9:07:35
2026-06-09  9:07:35 0 [Note] Server socket created on IP: '::'.
2026-06-09  9:07:40 0 [Note] Starting MariaDB 10.4.32-MariaDB source revision c4143f909528e3fab0677a28631d10389354c491 as process 17548
2026-06-09  9:07:40 0 [Note] InnoDB: Mutexes and rw_locks use Windows interlocked functions
2026-06-09  9:07:40 0 [Note] InnoDB: Uses event mutexes
2026-06-09  9:07:40 0 [Note] InnoDB: Compressed tables use zlib 1.3
2026-06-09  9:07:40 0 [Note] InnoDB: Number of pools: 1
2026-06-09  9:07:40 0 [Note] InnoDB: Using SSE2 crc32 instructions
2026-06-09  9:07:40 0 [Note] InnoDB: Initializing buffer pool, total size = 16M, instances = 1, chunk size = 16M
2026-06-09  9:07:40 0 [Note] InnoDB: Completed initialization of buffer pool
2026-06-09  9:07:40 0 [Note] InnoDB: Starting crash recovery from checkpoint LSN=774789
2026-06-09  9:07:40 0 [Note] InnoDB: 128 out of 128 rollback segments are active.
2026-06-09  9:07:40 0 [Note] InnoDB: Removed temporary tablespace data file: "ibtmp1"
2026-06-09  9:07:40 0 [Note] InnoDB: Creating shared tablespace for temporary tables
2026-06-09  9:07:40 0 [Note] InnoDB: Setting file 'C:\1295473_moin\xampp\mysql\data\ibtmp1' size to 12 MB. Physically writing the file full; Please wait ...
2026-06-09  9:07:40 0 [Note] InnoDB: File 'C:\1295473_moin\xampp\mysql\data\ibtmp1' size is now 12 MB.
2026-06-09  9:07:40 0 [Note] InnoDB: Waiting for purge to start
2026-06-09  9:07:40 0 [Note] InnoDB: 10.4.32 started; log sequence number 774798; transaction id 1066
2026-06-09  9:07:40 0 [Note] InnoDB: Loading buffer pool(s) from C:\1295473_moin\xampp\mysql\data\ib_buffer_pool
2026-06-09  9:07:40 0 [Note] Plugin 'FEEDBACK' is disabled.
2026-06-09  9:07:40 0 [Note] Server socket created on IP: '::'.
2026-06-09 12:48:56 0 [Note] Starting MariaDB 10.4.32-MariaDB source revision c4143f909528e3fab0677a28631d10389354c491 as process 17264
2026-06-09 12:48:56 0 [Note] InnoDB: Mutexes and rw_locks use Windows interlocked functions
2026-06-09 12:48:56 0 [Note] InnoDB: Uses event mutexes
2026-06-09 12:48:56 0 [Note] InnoDB: Compressed tables use zlib 1.3
2026-06-09 12:48:56 0 [Note] InnoDB: Number of pools: 1
2026-06-09 12:48:56 0 [Note] InnoDB: Using SSE2 crc32 instructions
2026-06-09 12:48:56 0 [Note] InnoDB: Initializing buffer pool, total size = 16M, instances = 1, chunk size = 16M
2026-06-09 12:48:56 0 [Note] InnoDB: Completed initialization of buffer pool
2026-06-09 12:48:56 0 [Note] InnoDB: Starting crash recovery from checkpoint LSN=1445773
2026-06-09 12:48:57 0 [Note] InnoDB: 128 out of 128 rollback segments are active.
2026-06-09 12:48:57 0 [Note] InnoDB: Removed temporary tablespace data file: "ibtmp1"
2026-06-09 12:48:57 0 [Note] InnoDB: Creating shared tablespace for temporary tables
2026-06-09 12:48:57 0 [Note] InnoDB: Setting file 'C:\1295473_moin\xampp\mysql\data\ibtmp1' size to 12 MB. Physically writing the file full; Please wait ...
2026-06-09 12:48:57 0 [Note] InnoDB: File 'C:\1295473_moin\xampp\mysql\data\ibtmp1' size is now 12 MB.
2026-06-09 12:48:57 0 [Note] InnoDB: Waiting for purge to start
2026-06-09 12:48:57 0 [Note] InnoDB: 10.4.32 started; log sequence number 1445782; transaction id 1845
2026-06-09 12:48:57 0 [Note] InnoDB: Loading buffer pool(s) from C:\1295473_moin\xampp\mysql\data\ib_buffer_pool
2026-06-09 12:48:57 0 [Note] Plugin 'FEEDBACK' is disabled.
2026-06-09 12:48:57 0 [Note] Server socket created on IP: '::'.
2026-06-10  9:02:24 0 [Note] Starting MariaDB 10.4.32-MariaDB source revision c4143f909528e3fab0677a28631d10389354c491 as process 14740
2026-06-10  9:02:24 0 [Note] InnoDB: Mutexes and rw_locks use Windows interlocked functions
2026-06-10  9:02:24 0 [Note] InnoDB: Uses event mutexes
2026-06-10  9:02:24 0 [Note] InnoDB: Compressed tables use zlib 1.3
2026-06-10  9:02:24 0 [Note] InnoDB: Number of pools: 1
2026-06-10  9:02:24 0 [Note] InnoDB: Using SSE2 crc32 instructions
2026-06-10  9:02:24 0 [Note] InnoDB: Initializing buffer pool, total size = 16M, instances = 1, chunk size = 16M
2026-06-10  9:02:24 0 [Note] InnoDB: Completed initialization of buffer pool
2026-06-10  9:02:24 0 [Note] InnoDB: Starting crash recovery from checkpoint LSN=1445791
2026-06-10  9:02:24 0 [Note] InnoDB: 128 out of 128 rollback segments are active.
2026-06-10  9:02:24 0 [Note] InnoDB: Removed temporary tablespace data file: "ibtmp1"
2026-06-10  9:02:24 0 [Note] InnoDB: Creating shared tablespace for temporary tables
2026-06-10  9:02:24 0 [Note] InnoDB: Setting file 'C:\1295473_moin\xampp\mysql\data\ibtmp1' size to 12 MB. Physically writing the file full; Please wait ...
2026-06-10  9:02:24 0 [Note] InnoDB: File 'C:\1295473_moin\xampp\mysql\data\ibtmp1' size is now 12 MB.
2026-06-10  9:02:24 0 [Note] InnoDB: Waiting for purge to start
2026-06-10  9:02:24 0 [Note] InnoDB: 10.4.32 started; log sequence number 1445800; transaction id 1845
2026-06-10  9:02:24 0 [Note] InnoDB: Loading buffer pool(s) from C:\1295473_moin\xampp\mysql\data\ib_buffer_pool
2026-06-10  9:02:24 0 [Note] Plugin 'FEEDBACK' is disabled.
2026-06-10  9:02:24 0 [Note] InnoDB: Buffer pool(s) load completed at 260610  9:02:24
2026-06-10  9:02:24 0 [Note] Server socket created on IP: '::'.
2026-06-10  9:02:27 0 [Note] Starting MariaDB 10.4.32-MariaDB source revision c4143f909528e3fab0677a28631d10389354c491 as process 1376
2026-06-10  9:02:27 0 [Note] InnoDB: Mutexes and rw_locks use Windows interlocked functions
2026-06-10  9:02:27 0 [Note] InnoDB: Uses event mutexes
2026-06-10  9:02:27 0 [Note] InnoDB: Compressed tables use zlib 1.3
2026-06-10  9:02:27 0 [Note] InnoDB: Number of pools: 1
2026-06-10  9:02:27 0 [Note] InnoDB: Using SSE2 crc32 instructions
2026-06-10  9:02:27 0 [Note] InnoDB: Initializing buffer pool, total size = 16M, instances = 1, chunk size = 16M
2026-06-10  9:02:27 0 [Note] InnoDB: Completed initialization of buffer pool
2026-06-10  9:02:27 0 [Note] InnoDB: Starting crash recovery from checkpoint LSN=1445791
2026-06-10  9:02:27 0 [Note] InnoDB: 128 out of 128 rollback segments are active.
2026-06-10  9:02:27 0 [Note] InnoDB: Removed temporary tablespace data file: "ibtmp1"
2026-06-10  9:02:27 0 [Note] InnoDB: Creating shared tablespace for temporary tables
2026-06-10  9:02:27 0 [Note] InnoDB: Setting file 'C:\1295473_moin\xampp\mysql\data\ibtmp1' size to 12 MB. Physically writing the file full; Please wait ...
2026-06-10  9:02:27 0 [Note] InnoDB: File 'C:\1295473_moin\xampp\mysql\data\ibtmp1' size is now 12 MB.
2026-06-10  9:02:27 0 [Note] InnoDB: Waiting for purge to start
2026-06-10  9:02:27 0 [Note] InnoDB: 10.4.32 started; log sequence number 1445800; transaction id 1845
2026-06-10  9:02:27 0 [Note] InnoDB: Loading buffer pool(s) from C:\1295473_moin\xampp\mysql\data\ib_buffer_pool
2026-06-10  9:02:27 0 [Note] Plugin 'FEEDBACK' is disabled.
2026-06-10  9:02:27 0 [Note] Server socket created on IP: '::'.
2026-06-11  9:19:45 0 [Note] Starting MariaDB 10.4.32-MariaDB source revision c4143f909528e3fab0677a28631d10389354c491 as process 6280
2026-06-11  9:19:45 0 [Note] InnoDB: Mutexes and rw_locks use Windows interlocked functions
2026-06-11  9:19:45 0 [Note] InnoDB: Uses event mutexes
2026-06-11  9:19:45 0 [Note] InnoDB: Compressed tables use zlib 1.3
2026-06-11  9:19:45 0 [Note] InnoDB: Number of pools: 1
2026-06-11  9:19:45 0 [Note] InnoDB: Using SSE2 crc32 instructions
2026-06-11  9:19:45 0 [Note] InnoDB: Initializing buffer pool, total size = 16M, instances = 1, chunk size = 16M
2026-06-11  9:19:45 0 [Note] InnoDB: Completed initialization of buffer pool
2026-06-11  9:19:45 0 [Note] InnoDB: Starting crash recovery from checkpoint LSN=1447128
2026-06-11  9:19:45 0 [Note] InnoDB: 128 out of 128 rollback segments are active.
2026-06-11  9:19:45 0 [Note] InnoDB: Removed temporary tablespace data file: "ibtmp1"
2026-06-11  9:19:45 0 [Note] InnoDB: Creating shared tablespace for temporary tables
2026-06-11  9:19:45 0 [Note] InnoDB: Setting file 'C:\1295473_moin\xampp\mysql\data\ibtmp1' size to 12 MB. Physically writing the file full; Please wait ...
2026-06-11  9:19:45 0 [Note] InnoDB: File 'C:\1295473_moin\xampp\mysql\data\ibtmp1' size is now 12 MB.
2026-06-11  9:19:45 0 [Note] InnoDB: Waiting for purge to start
2026-06-11  9:19:45 0 [Note] InnoDB: 10.4.32 started; log sequence number 1447137; transaction id 1866
2026-06-11  9:19:45 0 [Note] InnoDB: Loading buffer pool(s) from C:\1295473_moin\xampp\mysql\data\ib_buffer_pool
2026-06-11  9:19:45 0 [Note] Plugin 'FEEDBACK' is disabled.
2026-06-11  9:19:45 0 [Note] Server socket created on IP: '::'.
2026-06-13 11:46:09 0 [Note] Starting MariaDB 10.4.32-MariaDB source revision c4143f909528e3fab0677a28631d10389354c491 as process 16252
2026-06-13 11:46:09 0 [Note] InnoDB: Mutexes and rw_locks use Windows interlocked functions
2026-06-13 11:46:09 0 [Note] InnoDB: Uses event mutexes
2026-06-13 11:46:09 0 [Note] InnoDB: Compressed tables use zlib 1.3
2026-06-13 11:46:09 0 [Note] InnoDB: Number of pools: 1
2026-06-13 11:46:09 0 [Note] InnoDB: Using SSE2 crc32 instructions
2026-06-13 11:46:09 0 [Note] InnoDB: Initializing buffer pool, total size = 16M, instances = 1, chunk size = 16M
2026-06-13 11:46:09 0 [Note] InnoDB: Completed initialization of buffer pool
2026-06-13 11:46:09 0 [Note] InnoDB: Starting crash recovery from checkpoint LSN=1558271
2026-06-13 11:46:10 0 [Note] InnoDB: 128 out of 128 rollback segments are active.
2026-06-13 11:46:10 0 [Note] InnoDB: Removed temporary tablespace data file: "ibtmp1"
2026-06-13 11:46:10 0 [Note] InnoDB: Creating shared tablespace for temporary tables
2026-06-13 11:46:10 0 [Note] InnoDB: Setting file 'C:\1295473_moin\xampp\mysql\data\ibtmp1' size to 12 MB. Physically writing the file full; Please wait ...
2026-06-13 11:46:10 0 [Note] InnoDB: File 'C:\1295473_moin\xampp\mysql\data\ibtmp1' size is now 12 MB.
2026-06-13 11:46:10 0 [Note] InnoDB: Waiting for purge to start
2026-06-13 11:46:10 0 [Note] InnoDB: 10.4.32 started; log sequence number 1558280; transaction id 2063
2026-06-13 11:46:10 0 [Note] InnoDB: Loading buffer pool(s) from C:\1295473_moin\xampp\mysql\data\ib_buffer_pool
2026-06-13 11:46:10 0 [Note] Plugin 'FEEDBACK' is disabled.
2026-06-13 11:46:10 0 [Note] Server socket created on IP: '::'.
2026-06-14 10:54:32 0 [Note] Starting MariaDB 10.4.32-MariaDB source revision c4143f909528e3fab0677a28631d10389354c491 as process 3884
2026-06-14 10:54:32 0 [Note] InnoDB: Mutexes and rw_locks use Windows interlocked functions
2026-06-14 10:54:32 0 [Note] InnoDB: Uses event mutexes
2026-06-14 10:54:32 0 [Note] InnoDB: Compressed tables use zlib 1.3
2026-06-14 10:54:32 0 [Note] InnoDB: Number of pools: 1
2026-06-14 10:54:32 0 [Note] InnoDB: Using SSE2 crc32 instructions
2026-06-14 10:54:32 0 [Note] InnoDB: Initializing buffer pool, total size = 16M, instances = 1, chunk size = 16M
2026-06-14 10:54:32 0 [Note] InnoDB: Completed initialization of buffer pool
2026-06-14 10:54:32 0 [Note] InnoDB: Starting crash recovery from checkpoint LSN=1558289
2026-06-14 10:54:32 0 [Note] InnoDB: 128 out of 128 rollback segments are active.
2026-06-14 10:54:32 0 [Note] InnoDB: Removed temporary tablespace data file: "ibtmp1"
2026-06-14 10:54:32 0 [Note] InnoDB: Creating shared tablespace for temporary tables
2026-06-14 10:54:32 0 [Note] InnoDB: Setting file 'C:\1295473_moin\xampp\mysql\data\ibtmp1' size to 12 MB. Physically writing the file full; Please wait ...
2026-06-14 10:54:32 0 [Note] InnoDB: File 'C:\1295473_moin\xampp\mysql\data\ibtmp1' size is now 12 MB.
2026-06-14 10:54:32 0 [Note] InnoDB: Waiting for purge to start
2026-06-14 10:54:32 0 [Note] InnoDB: 10.4.32 started; log sequence number 1558298; transaction id 2063
2026-06-14 10:54:32 0 [Note] InnoDB: Loading buffer pool(s) from C:\1295473_moin\xampp\mysql\data\ib_buffer_pool
2026-06-14 10:54:32 0 [Note] Plugin 'FEEDBACK' is disabled.
2026-06-14 10:54:32 0 [Note] InnoDB: Buffer pool(s) load completed at 260614 10:54:32
2026-06-14 10:54:32 0 [Note] Server socket created on IP: '::'.
2026-06-14 10:58:33 0 [Note] Starting MariaDB 10.4.32-MariaDB source revision c4143f909528e3fab0677a28631d10389354c491 as process 7424
2026-06-14 10:58:33 0 [Note] InnoDB: Mutexes and rw_locks use Windows interlocked functions
2026-06-14 10:58:33 0 [Note] InnoDB: Uses event mutexes
2026-06-14 10:58:33 0 [Note] InnoDB: Compressed tables use zlib 1.3
2026-06-14 10:58:33 0 [Note] InnoDB: Number of pools: 1
2026-06-14 10:58:33 0 [Note] InnoDB: Using SSE2 crc32 instructions
2026-06-14 10:58:33 0 [Note] InnoDB: Initializing buffer pool, total size = 16M, instances = 1, chunk size = 16M
2026-06-14 10:58:33 0 [Note] InnoDB: Completed initialization of buffer pool
2026-06-14 10:58:33 0 [Note] InnoDB: The log sequence number 139827 in the system tablespace does not match the log sequence number 1558307 in the ib_logfiles!
2026-06-14 10:58:33 0 [Note] InnoDB: 128 out of 128 rollback segments are active.
2026-06-14 10:58:33 0 [Note] InnoDB: Removed temporary tablespace data file: "ibtmp1"
2026-06-14 10:58:33 0 [Note] InnoDB: Creating shared tablespace for temporary tables
2026-06-14 10:58:33 0 [Note] InnoDB: Setting file 'C:\1295473_moin\xampp\mysql\data\ibtmp1' size to 12 MB. Physically writing the file full; Please wait ...
2026-06-14 10:58:33 0 [Note] InnoDB: File 'C:\1295473_moin\xampp\mysql\data\ibtmp1' size is now 12 MB.
2026-06-14 10:58:33 0 [Note] InnoDB: Waiting for purge to start
2026-06-14 10:58:33 0 [Note] InnoDB: 10.4.32 started; log sequence number 1558307; transaction id 2063
2026-06-14 10:58:33 0 [Note] InnoDB: Loading buffer pool(s) from C:\1295473_moin\xampp\mysql\data\ib_buffer_pool
2026-06-14 10:58:33 0 [Note] Plugin 'FEEDBACK' is disabled.
2026-06-14 10:58:33 0 [Note] Server socket created on IP: '::'.
2026-06-14 10:58:38 0 [Note] Starting MariaDB 10.4.32-MariaDB source revision c4143f909528e3fab0677a28631d10389354c491 as process 13944
2026-06-14 10:58:38 0 [Note] InnoDB: Mutexes and rw_locks use Windows interlocked functions
2026-06-14 10:58:38 0 [Note] InnoDB: Uses event mutexes
2026-06-14 10:58:38 0 [Note] InnoDB: Compressed tables use zlib 1.3
2026-06-14 10:58:38 0 [Note] InnoDB: Number of pools: 1
2026-06-14 10:58:38 0 [Note] InnoDB: Using SSE2 crc32 instructions
2026-06-14 10:58:38 0 [Note] InnoDB: Initializing buffer pool, total size = 16M, instances = 1, chunk size = 16M
2026-06-14 10:58:38 0 [Note] InnoDB: Completed initialization of buffer pool
2026-06-14 10:58:38 0 [Note] InnoDB: The log sequence number 139827 in the system tablespace does not match the log sequence number 1558307 in the ib_logfiles!
2026-06-14 10:58:39 0 [Note] InnoDB: 128 out of 128 rollback segments are active.
2026-06-14 10:58:39 0 [Note] InnoDB: Removed temporary tablespace data file: "ibtmp1"
2026-06-14 10:58:39 0 [Note] InnoDB: Creating shared tablespace for temporary tables
2026-06-14 10:58:39 0 [Note] InnoDB: Setting file 'C:\1295473_moin\xampp\mysql\data\ibtmp1' size to 12 MB. Physically writing the file full; Please wait ...
2026-06-14 10:58:39 0 [Note] InnoDB: File 'C:\1295473_moin\xampp\mysql\data\ibtmp1' size is now 12 MB.
2026-06-14 10:58:39 0 [Note] InnoDB: Waiting for purge to start
2026-06-14 10:58:39 0 [Note] InnoDB: 10.4.32 started; log sequence number 1558307; transaction id 2063
2026-06-14 10:58:39 0 [Note] InnoDB: Loading buffer pool(s) from C:\1295473_moin\xampp\mysql\data\ib_buffer_pool
2026-06-14 10:58:39 0 [Note] Plugin 'FEEDBACK' is disabled.
2026-06-14 10:58:39 0 [Note] Server socket created on IP: '::'.
2026-06-14 10:58:44 0 [Note] Starting MariaDB 10.4.32-MariaDB source revision c4143f909528e3fab0677a28631d10389354c491 as process 2916
2026-06-14 10:58:44 0 [Note] InnoDB: Mutexes and rw_locks use Windows interlocked functions
2026-06-14 10:58:44 0 [Note] InnoDB: Uses event mutexes
2026-06-14 10:58:44 0 [Note] InnoDB: Compressed tables use zlib 1.3
2026-06-14 10:58:44 0 [Note] InnoDB: Number of pools: 1
2026-06-14 10:58:44 0 [Note] InnoDB: Using SSE2 crc32 instructions
2026-06-14 10:58:44 0 [Note] InnoDB: Initializing buffer pool, total size = 16M, instances = 1, chunk size = 16M
2026-06-14 10:58:44 0 [Note] InnoDB: Completed initialization of buffer pool
2026-06-14 10:58:45 0 [Note] InnoDB: 128 out of 128 rollback segments are active.
2026-06-14 10:58:45 0 [Note] InnoDB: Creating shared tablespace for temporary tables
2026-06-14 10:58:45 0 [Note] InnoDB: Setting file 'C:\1295473_moin\xampp\mysql\data\ibtmp1' size to 12 MB. Physically writing the file full; Please wait ...
2026-06-14 10:58:45 0 [Note] InnoDB: File 'C:\1295473_moin\xampp\mysql\data\ibtmp1' size is now 12 MB.
2026-06-14 10:58:45 0 [Note] InnoDB: Waiting for purge to start
2026-06-14 10:58:45 0 [Note] InnoDB: 10.4.32 started; log sequence number 1558316; transaction id 2063
2026-06-14 10:58:45 0 [Note] InnoDB: Loading buffer pool(s) from C:\1295473_moin\xampp\mysql\data\ib_buffer_pool
2026-06-14 10:58:45 0 [Note] Plugin 'FEEDBACK' is disabled.
2026-06-14 10:58:45 0 [Note] Server socket created on IP: '::'.
2026-06-14 10:58:47 0 [Note] Starting MariaDB 10.4.32-MariaDB source revision c4143f909528e3fab0677a28631d10389354c491 as process 6948
2026-06-14 10:58:47 0 [Note] InnoDB: Mutexes and rw_locks use Windows interlocked functions
2026-06-14 10:58:47 0 [Note] InnoDB: Uses event mutexes
2026-06-14 10:58:47 0 [Note] InnoDB: Compressed tables use zlib 1.3
2026-06-14 10:58:47 0 [Note] InnoDB: Number of pools: 1
2026-06-14 10:58:47 0 [Note] InnoDB: Using SSE2 crc32 instructions
2026-06-14 10:58:47 0 [Note] InnoDB: Initializing buffer pool, total size = 16M, instances = 1, chunk size = 16M
2026-06-14 10:58:47 0 [Note] InnoDB: Completed initialization of buffer pool
2026-06-14 10:58:47 0 [Note] InnoDB: 128 out of 128 rollback segments are active.
2026-06-14 10:58:47 0 [Note] InnoDB: Creating shared tablespace for temporary tables
2026-06-14 10:58:47 0 [Note] InnoDB: Setting file 'C:\1295473_moin\xampp\mysql\data\ibtmp1' size to 12 MB. Physically writing the file full; Please wait ...
2026-06-14 10:58:47 0 [Note] InnoDB: File 'C:\1295473_moin\xampp\mysql\data\ibtmp1' size is now 12 MB.
2026-06-14 10:58:47 0 [Note] InnoDB: Waiting for purge to start
2026-06-14 10:58:47 0 [Note] InnoDB: 10.4.32 started; log sequence number 1558325; transaction id 2063
2026-06-14 10:58:47 0 [Note] InnoDB: Loading buffer pool(s) from C:\1295473_moin\xampp\mysql\data\ib_buffer_pool
2026-06-14 10:58:47 0 [Note] Plugin 'FEEDBACK' is disabled.
2026-06-14 10:58:47 0 [Note] Server socket created on IP: '::'.
2026-06-14 2026-06-14 10:58:50 0 [Note] Starting MariaDB 10.4.32-MariaDB source revision c4143f909528e3fab0677a28631d10389354c491 as process 15868
2026-06-14 10:58:50 0 [Note] InnoDB: Mutexes and rw_locks use Windows interlocked functions
2026-06-14 10:58:50 0 [Note] InnoDB: Uses event mutexes
2026-06-14 10:58:50 0 [Note] InnoDB: Compressed tables use zlib 1.3
2026-06-14 10:58:50 0 [Note] InnoDB: Number of pools: 1
2026-06-14 10:58:50 0 [Note] InnoDB: Using SSE2 crc32 instructions
2026-06-14 10:58:50 0 [Note] InnoDB: Initializing buffer pool, total size = 16M, instances = 1, chunk size = 16M
2026-06-14 10:58:50 0 [Note] InnoDB: Completed initialization of buffer pool
2026-06-14 10:58:55 0 [Note] Starting MariaDB 10.4.32-MariaDB source revision c4143f909528e3fab0677a28631d10389354c491 as process 10364
2026-06-14 10:58:55 0 [Note] InnoDB: Mutexes and rw_locks use Windows interlocked functions
2026-06-14 10:58:55 0 [Note] InnoDB: Uses event mutexes
2026-06-14 10:58:55 0 [Note] InnoDB: Compressed tables use zlib 1.3
2026-06-14 10:58:55 0 [Note] InnoDB: Number of pools: 1
2026-06-14 10:58:55 0 [Note] InnoDB: Using SSE2 crc32 instructions
2026-06-14 10:58:55 0 [Note] InnoDB: Initializing buffer pool, total size = 16M, instances = 1, chunk size = 16M
2026-06-14 10:58:55 0 [Note] InnoDB: Completed initialization of buffer pool
2026-06-14 10:58:56 0 [Note] InnoDB: 128 out of 128 rollback segments are active.
2026-06-14 10:58:56 0 [Note] InnoDB: Creating shared tablespace for temporary tables
2026-06-14 10:58:56 0 [Note] InnoDB: Setting file 'C:\1295473_moin\xampp\mysql\data\ibtmp1' size to 12 MB. Physically writing the file full; Please wait ...
2026-06-14 10:58:56 0 [Note] InnoDB: File 'C:\1295473_moin\xampp\mysql\data\ibtmp1' size is now 12 MB.
2026-06-14 10:58:56 0 [Note] InnoDB: Waiting for purge to start
2026-06-14 10:58:56 0 [Note] InnoDB: 10.4.32 started; log sequence number 1558334; transaction id 2063
2026-06-14 10:58:56 0 [Note] InnoDB: Loading buffer pool(s) from C:\1295473_moin\xampp\mysql\data\ib_buffer_pool
2026-06-14 10:58:56 0 [Note] Plugin 'FEEDBACK' is disabled.
2026-06-14 10:58:56 0 [Note] Server socket created on IP: '::'.
2026-06-14 10:59:00 0 [Note] Starting MariaDB 10.4.32-MariaDB source revision c4143f909528e3fab0677a28631d10389354c491 as process 7220
2026-06-14 10:59:00 0 [Note] InnoDB: Mutexes and rw_locks use Windows interlocked functions
2026-06-14 10:59:00 0 [Note] InnoDB: Uses event mutexes
2026-06-14 10:59:00 0 [Note] InnoDB: Compressed tables use zlib 1.3
2026-06-14 10:59:00 0 [Note] InnoDB: Number of pools: 1
2026-06-14 10:59:00 0 [Note] InnoDB: Using SSE2 crc32 instructions
2026-06-14 10:59:00 0 [Note] InnoDB: Initializing buffer pool, total size = 16M, instances = 1, chunk size = 16M
2026-06-14 10:59:00 0 [Note] InnoDB: Completed initialization of buffer pool
2026-06-14 10:59:01 0 [Note] InnoDB: 128 out of 128 rollback segments are active.
2026-06-14 10:59:01 0 [Note] InnoDB: Creating shared tablespace for temporary tables
2026-06-14 10:59:01 0 [Note] InnoDB: Setting file 'C:\1295473_moin\xampp\mysql\data\ibtmp1' size to 12 MB. Physically writing the file full; Please wait ...
2026-06-14 10:59:01 0 [Note] InnoDB: File 'C:\1295473_moin\xampp\mysql\data\ibtmp1' size is now 12 MB.
2026-06-14 10:59:01 0 [Note] InnoDB: Waiting for purge to start
2026-06-14 10:59:01 0 [Note] InnoDB: 10.4.32 started; log sequence number 1558343; transaction id 2063
2026-06-14 10:59:01 0 [Note] InnoDB: Loading buffer pool(s) from C:\1295473_moin\xampp\mysql\data\ib_buffer_pool
2026-06-14 10:59:01 0 [Note] Plugin 'FEEDBACK' is disabled.
2026-06-14 10:59:01 0 [Note] Server socket created on IP: '::'.
2026-06-14 11:12:15 0 [Note] Starting MariaDB 10.4.32-MariaDB source revision c4143f909528e3fab0677a28631d10389354c491 as process 9896
2026-06-14 11:12:15 0 [Note] InnoDB: Mutexes and rw_locks use Windows interlocked functions
2026-06-14 11:12:15 0 [Note] InnoDB: Uses event mutexes
2026-06-14 11:12:15 0 [Note] InnoDB: Compressed tables use zlib 1.3
2026-06-14 11:12:15 0 [Note] InnoDB: Number of pools: 1
2026-06-14 11:12:15 0 [Note] InnoDB: Using SSE2 crc32 instructions
2026-06-14 11:12:15 0 [Note] InnoDB: Initializing buffer pool, total size = 16M, instances = 1, chunk size = 16M
2026-06-14 11:12:15 0 [Note] InnoDB: Completed initialization of buffer pool
2026-06-14 11:12:16 0 [Note] InnoDB: 128 out of 128 rollback segments are active.
2026-06-14 11:12:16 0 [Note] InnoDB: Creating shared tablespace for temporary tables
2026-06-14 11:12:16 0 [Note] InnoDB: Setting file 'C:\1295473_moin\xampp\mysql\data\ibtmp1' size to 12 MB. Physically writing the file full; Please wait ...
2026-06-14 11:12:16 0 [Note] InnoDB: File 'C:\1295473_moin\xampp\mysql\data\ibtmp1' size is now 12 MB.
2026-06-14 11:12:16 0 [Note] InnoDB: Waiting for purge to start
2026-06-14 11:12:16 0 [Note] InnoDB: 10.4.32 started; log sequence number 1558352; transaction id 2063
2026-06-14 11:12:16 0 [Note] InnoDB: Loading buffer pool(s) from C:\1295473_moin\xampp\mysql\data\ib_buffer_pool
2026-06-14 11:12:16 0 [Note] Plugin 'FEEDBACK' is disabled.
2026-06-14 11:12:16 0 [Note] Server socket created on IP: '::'.
2026-06-14 11:12:16 0 [Note] InnoDB: Buffer pool(s) load comple2026-06-14 11:16:03 0 [Note] Starting MariaDB 10.4.32-MariaDB source revision c4143f909528e3fab0677a28631d10389354c491 as process 14948
2026-06-14 11:16:03 0 [Note] InnoDB: The first innodb_system data file 'ibdata1' did not exist. A new tablespace will be created!
2026-06-14 11:16:03 0 [Note] InnoDB: Mutexes and rw_locks use Windows interlocked functions
2026-06-14 11:16:03 0 [Note] InnoDB: Uses event mutexes
2026-06-14 11:16:03 0 [Note] InnoDB: Compressed tables use zlib 1.3
2026-06-14 11:16:03 0 [Note] InnoDB: Number of pools: 1
2026-06-14 11:16:03 0 [Note] InnoDB: Using SSE2 crc32 instructions
2026-06-14 11:16:03 0 [Note] InnoDB: Initializing buffer pool, total size = 16M, instances = 1, chunk size = 16M
2026-06-14 11:16:03 0 [Note] InnoDB: Completed initialization of buffer pool
2026-06-14 11:16:03 0 [Note] InnoDB: Setting file 'C:\1295473_moin\xampp\mysql\data\ibdata1' size to 10 MB. Physically writing the file full; Please wait ...
2026-06-14 11:16:03 0 [Note] InnoDB: File 'C:\1295473_moin\xampp\mysql\data\ibdata1' size is now 10 MB.
2026-06-14 11:16:03 0 [Note] InnoDB: Setting log file C:\1295473_moin\xampp\mysql\data\ib_logfile101 size to 5242880 bytes
2026-06-14 11:16:03 0 [Note] InnoDB: Setting log file C:\1295473_moin\xampp\mysql\data\ib_logfile1 size to 5242880 bytes
2026-06-14 11:16:03 0 [Note] InnoDB: Renaming log file C:\1295473_moin\xampp\mysql\data\ib_logfile101 to C:\1295473_moin\xampp\mysql\data\ib_logfile0
2026-06-14 11:16:03 0 [Note] InnoDB: New log files created, LSN=11451
2026-06-14 11:16:03 0 [Note] InnoDB: Doublewrite buffer not found: creating new
2026-06-14 11:16:03 0 [Note] InnoDB: Doublewrite buffer created
2026-06-14 11:16:03 0 [Note] InnoDB: 128 out of 128 rollback segments are active.
2026-06-14 11:16:03 0 [Note] InnoDB: Creating foreign key constraint system tables.
2026-06-14 11:16:03 0 [Note] InnoDB: Creating tablespace and datafile system tables.
2026-06-14 11:16:03 0 [Note] InnoDB: Creating sys_virtual system tables.
2026-06-14 11:16:03 0 [Note] InnoDB: Creating shared tablespace for temporary tables
2026-06-14 11:16:03 0 [Note] InnoDB: Setting file 'C:\1295473_moin\xampp\mysql\data\ibtmp1' size to 12 MB. Physically writing the file full; Please wait ...
2026-06-14 11:16:03 0 [Note] InnoDB: File 'C:\1295473_moin\xampp\mysql\data\ibtmp1' size is now 12 MB.
2026-06-14 11:16:03 0 [Note] InnoDB: Waiting for purge to start
2026-06-14 11:16:03 0 [Note] InnoDB: 10.4.32 started; log sequence number 0; transaction id 7
2026-06-14 11:16:03 0 [Note] Plugin 'FEEDBACK' is disabled.
2026-06-14 11:16:03 0 [Note] Server socket created on IP: '::'.
2026-06-14 11:16:10 0 [Note] Starting MariaDB 10.4.32-MariaDB source revision c4143f909528e3fab0677a28631d10389354c491 as process 5680
2026-06-14 11:16:10 0 [Note] InnoDB: Mutexes and rw_locks use Windows interlocked functions
2026-06-14 11:16:10 0 [Note] InnoDB: Uses event mutexes
2026-06-14 11:16:10 0 [Note] InnoDB: Compressed tables use zlib 1.3
2026-06-14 11:16:10 0 [Note] InnoDB: Number of pools: 1
2026-06-14 11:16:10 0 [Note] InnoDB: Using SSE2 crc32 instructions
2026-06-14 11:16:10 0 [Note] InnoDB: Initializing buffer pool, total size = 16M, instances = 1, chunk size = 16M
2026-06-14 11:16:10 0 [Note] InnoDB: Completed initialization of buffer pool
2026-06-14 11:16:10 0 [Note] InnoDB: 128 out of 128 rollback segments are active.
2026-06-14 11:16:10 0 [Note] InnoDB: Creating shared tablespace for temporary tables
2026-06-14 11:16:10 0 [Note] InnoDB: Setting file 'C:\1295473_moin\xampp\mysql\data\ibtmp1' size to 12 MB. Physically writing the file full; Please wait ...
2026-06-14 11:16:10 0 [Note] InnoDB: File 'C:\1295473_moin\xampp\mysql\data\ibtmp1' size is now 12 MB.
2026-06-14 11:16:10 0 [Note] InnoDB: Waiting for purge to start
2026-06-14 11:16:10 0 [Note] InnoDB: 10.4.32 started; log sequence number 47047; transaction id 8
2026-06-14 11:16:10 0 [Note] InnoDB: Loading buffer pool(s) from C:\1295473_moin\xampp\mysql\data\ib_buffer_pool
2026-06-14 11:16:10 0 [Note] Plugin 'FEEDBACK' is disabled.
2026-06-14 11:16:10 0 [Note] InnoDB: Buffer pool(s) load completed at 260614 11:16:10
2026-06-14 11:16:10 0 [Note] Server socket created on IP: '::'.
2026-06-14 11:33:57 0 [Note] Starting MariaDB 10.4.32-MariaDB source revision c4143f909528e3fab0677a28631d10389354c491 as process 7140
2026-06-14 11:33:57 0 [Note] InnoDB: Mutexes and rw_locks use Windows interlocked functions
2026-06-14 11:33:57 0 [Note] InnoDB: Uses event mutexes
2026-06-14 11:33:57 0 [Note] InnoDB: Compressed tables use zlib 1.3
2026-06-14 11:33:57 0 [Note] InnoDB: Number of pools: 1
2026-06-14 11:33:57 0 [Note] InnoDB: Using SSE2 crc32 instructions
2026-06-14 11:33:57 0 [Note] InnoDB: Initializing buffer pool, total size = 16M, instances = 1, chunk size = 16M
2026-06-14 11:33:57 0 [Note] InnoDB: Completed initialization of buffer pool
2026-06-14 11:33:57 0 [Note] InnoDB: 128 out of 128 rollback segments are active.
2026-06-14 11:33:57 0 [Note] InnoDB: Creating shared tablespace for temporary tables
2026-06-14 11:33:57 0 [Note] InnoDB: Setting file 'C:\1295473_moin\xampp\mysql\data\ibtmp1' size to 12 MB. Physically writing the file full; Please wait ...
2026-06-14 11:33:57 0 [Note] InnoDB: File 'C:\1295473_moin\xampp\mysql\data\ibtmp1' size is now 12 MB.
2026-06-14 11:33:57 0 [Note] InnoDB: Waiting for purge to start
2026-06-14 11:33:57 0 [Note] InnoDB: 10.4.32 started; log sequence number 47056; transaction id 8
2026-06-14 11:33:57 0 [Note] InnoDB: Loading buffer pool(s) from C:\1295473_moin\xampp\mysql\data\ib_buffer_pool
2026-06-14 11:33:57 0 [Note] Plugin 'FEEDBACK' is disabled.
2026-06-14 11:33:57 0 [Note] InnoDB: Buffer pool(s) load completed at 260614 11:33:57
2026-06-14 11:33:57 0 [Note] Server socket created on IP: '::'.
2026-06-14 11:34:03 0 [Note] Starting MariaDB 10.4.32-MariaDB source revision c4143f909528e3fab0677a28631d10389354c491 as process 10380
2026-06-14 11:34:03 0 [Note] InnoDB: Mutexes and rw_locks use Windows interlocked functions
2026-06-14 11:34:03 0 [Note] InnoDB: Uses event mutexes
2026-06-14 11:34:03 0 [Note] InnoDB: Compressed tables use zlib 1.3
2026-06-14 11:34:03 0 [Note] InnoDB: Number of pools: 1
2026-06-14 11:34:03 0 [Note] InnoDB: Using SSE2 crc32 instructions
2026-06-14 11:34:03 0 [Note] InnoDB: Initializing buffer pool, total size = 16M, instances = 1, chunk size = 16M
2026-06-14 11:34:03 0 [Note] InnoDB: Completed initialization of buffer pool
2026-06-14 11:34:03 0 [Note] InnoDB: 128 out of 128 rollback segments are active.
2026-06-14 11:34:03 0 [Note] InnoDB: Creating shared tablespace for temporary tables
2026-06-14 11:34:03 0 [Note] InnoDB: Setting file 'C:\1295473_moin\xampp\mysql\data\ibtmp1' size to 12 MB. Physically writing the file full; Please wait ...
2026-06-14 11:34:03 0 [Note] InnoDB: File 'C:\1295473_moin\xampp\mysql\data\ibtmp1' size is now 12 MB.
2026-06-14 11:34:03 0 [Note] InnoDB: Waiting for purge to start
2026-06-14 11:34:03 0 [Note] Starting MariaDB 10.4.32-MariaDB source revision c4143f909528e3fab0677a28631d10389354c491 as process 6140
2026-06-14 11:34:03 0 [ERROR] InnoDB: The innodb_system data file 'ibdata1' must be writable
2026-06-14 11:34:03 0 [ERROR] InnoDB: The innodb_system data file 'ibdata1' must be writable
2026-06-14 11:34:03 0 [ERROR] Plugin 'InnoDB' registration as a STORAGE ENGINE failed.
2026-06-14 11:34:03 0 [Note] Plugin 'FEEDBACK' is disabled.
2026-06-14 11:34:03 0 [ERROR] Unknown/unsupported storage engine: InnoDB
2026-06-14 11:34:03 0 [ERROR] Aborting
2026-06-14 11:34:03 0 [Note] InnoDB: 10.4.32 started; log sequence number 47065; transaction id 8
2026-06-14 11:34:03 0 [Note] InnoDB: Loading buffer pool(s) from C:\1295473_moin\xampp\mysql\data\ib_buffer_pool
2026-06-14 11:34:03 0 [Note] Plugin 'FEEDBACK' is disabled.
2026-06-14 11:34:03 0 [Note] InnoDB: Buffer pool(s) load completed at 260614 11:34:03
2026-06-14 11:34:03 0 [Note] Server socket created on IP: '::'.
2026-06-14 11:34:11 0 [Note] Starting MariaDB 10.4.32-MariaDB source revision c4143f909528e3fab0677a28631d10389354c491 as process 4136
2026-06-14 11:34:11 0 [Note] InnoDB: Mutexes and rw_locks use Windows interlocked functions
2026-06-14 11:34:11 0 [Note] InnoDB: Uses event mutexes
2026-06-14 11:34:11 0 [Note] InnoDB: Compressed tables use zlib 1.3
2026-06-14 11:34:11 0 [Note] InnoDB: Number of pools: 1
2026-06-14 11:34:11 0 [Note] InnoDB: Using SSE2 crc32 instructions
2026-06-14 11:34:11 0 [Note] InnoDB: Initializing buffer pool, total size = 16M, instances = 1, chunk size = 16M
2026-06-14 11:34:11 0 [Note] InnoDB: Completed initialization of buffer pool
2026-06-14 11:34:11 0 [Note] InnoDB: 128 out of 128 rollback segments are active.
2026-06-14 11:34:11 0 [Note] InnoDB: Creating shared tablespace for temporary tables
2026-06-14 11:34:11 0 [Note] InnoDB: Setting file 'C:\1295473_moin\xampp\mysql\data\ibtmp1' size to 12 MB. Physically writing the file full; Please wait ...
2026-06-14 11:34:11 0 [Note] InnoDB: File 'C:\1295473_moin\xampp\mysql\data\ibtmp1' size is now 12 MB.
2026-06-14 11:34:11 0 [Note] InnoDB: Waiting for purge to start
